============================================
  Waker Local Server - وكر الاوغاد
============================================
[HTTP] Game API server running on port 8080
       URL: http://192.168.1.3:8080/
[CITY] keepLiveServer (HTTP) on port 9090
[STAT] Analytics server running on port 8992
============================================
Ready! Configure your device to point to this server.
 * Serving Flask app 'server'
 * Debug mode: off
 * Serving Flask app 'server'
 * Debug mode: off
 * Serving Flask app 'stat_server'
 * Debug mode: off
[HTTP 17:23:44.267] PUT /checkversion (orig:PUT)
  Body: NEwGTx8EDwlEVlVbUBQIA0FWUkdbEFBZCEhGDkNQQRRQQ1MYRFkNBFtdXA1FCVEMTkQKXwRGS1lMSwICClIRGwYARRpEREcfRRcFCVc3CxZTAAFOVlJUExlNUAMLBBcWUkBTFUZQGAkRC0E9A0caQVhCRVYRHUkUDD8sAk5FVEECBQkaRUMKOwFJFktURRVFVxEADFdd
[HTTP 17:26:22.644] GET /policy.html
[API] UNHANDLED: GET /policy.html
[HTTP 17:26:23.515] GET /favicon.ico
[API] UNHANDLED: GET /favicon.ico
[HTTP 17:29:42.084] PUT /checkversion (orig:PUT)
  Body: NEwGTx8EDwlEVlVbUBQIA0FWUkdNAk1OGklSHAcKTlBTXksCBgpWDwwZMkUGGwwCQgJVX1ZdXksGAkEQClJASBJMF0wVHAMCUgxOVhNQQkZWDBxJEhE2aUZbX1pCRxcWVgsKCzFEHQxHVwx6X10RFAxXXkMSVhUQR10BQ0EKB1wUVllYHhFaW1wRFktCRUcVAkUvDUxe
[HTTP 17:29:51.516] PUT /api/connect (orig:PUT)
  Body: NEwGTx8EDwlEVlVbUAUABFkRGjEUUAROVhwMTR4JQQsMHClBGQoCXEsdFwIJREcFSUELCxcCSBJMF0wVG0YNAARMXRNFREcbRRMFClkyJ0YaWEICEA0TSQcEJw8HAVFJAldYVlVGEVFcDkh2WwcSQw0NUkIWXhRFQFhXEUFdXFxEQ0BOS0ECCyxEUFNMBEkAFn8HG0xI
[HTTP 17:29:52.328] PUT /api/connect (orig:PUT)
  Body: NEwGTx8EDwlEVlVbUAUABFkRGjEUUAROVgERQ0wORQtLVEoRQFYYX11aUBRMFUlPREUOCgBSUFMVRVAYDlQEHRsDRRpHWUlPVgQeBUYYPS0CU18MVgwAVg0CFz4KDBdRGkBcX1wREg1cVE0pV1BCQFgKBBUWDRFGQllREkVdUFQRBU5ADkcOAwBpFktURUMdG1k5CBxG
[HTTP 17:29:52.633] PUT /city/impart (orig:PUT)
  Body: NEwGTx8EDwlEVlVbUBgND08GPgAfUwgDAg4aXl1JAgYAAwJTAA5NFktUVAxWARYjSVdNVFRdXksGAkEQClJASBJMF0wVHAMCUgxOVhNQQkZWDBxJEhE2aUZbQ0dMARYFSQEMOwBJEEpfTxt+VlRGF1BXBEZNWkJARAgGFRYKVFkXVFheHRVaV1REUEVMAEEZCmkCS1RG
[HTTP 17:29:52.746] PUT /city/impart (orig:PUT)
  Body: NEwGTx8EDwlEVlVbUBgND08GPgAfUwgDAg4aXl1JAgYAAwJTAA5NFktUVAxWARYjSVdNVFRdXksGAkEQClJASBJMF0wVHAMCUgxOVhNQQkZWDBxJEhE2aUZbQ0dMARYFSQEMOwBJEEpfTxt+VlRGF1BXBEZNWkJARAgGFRYKVFkXVFheHRVaV1REUEVMAEEZCmkCS1RG
[HTTP 17:29:52.922] PUT /city/connect/getplayerlist (orig:PUT)
  Body: NEwGTx8EDwlEVlVbUAUABFkRGi4IWUNWQR0SXVhWGERaXlNdWE1IAwgKAVJWUh5PXEwOGgNPAARMXRNFQwIUFxsHAVknIUdXEU1OCEUXBwdFPApJEEpfAlFQSloIAEpKQwRQWwYSRQwGWEwtX1EXR11cVhVBVhEWV0BHRxUFACREQ1ZOT0kbFzpBAEtCRUQRGUkFDDod
[HTTP 17:29:53.034] PUT /city/connect/create (orig:PUT)
  Body: NEwGTx8EDwlEVlVbUAUABFkRGisMTQROVg5THExJAgIFDx5FBjtZFgxMXg1FREceVVM7BwhFUFNfUBhFXhlbXkseC0ENDRcmRRhOVg1QXFYWWlYWR1hRDEYCHFJfLBdRGkBZTEgCHQYRH0EaBwECSFlCRUcRAUQXB05fEQlERwVFAAgJXgJVFUdQHggaAU8GAgJcWl9I
[HTTP 17:29:53.403] PUT /city/connect/connect (orig:PUT)
  Body: NEwGTx8EDwlEVlVbUAUABFkRGjEUUAROVgERQ0wHVR4FCxNJGiZERFNDVQxWCQELTQJVTEUCXksdHlMgBk0HUFNMVhdMWVRbElhcXQJNTBdPCgdBGCEBAl5DUEdMARIaTBs9DxdLIRgBDFoqCiRUUktUVwxWH0wTDAkXaxERR1cNUF5eGhNXWFYQRkVMDk4AHU8zAApG
[HTTP 17:29:56.732] PUT /city/chat/getsysmsgs (orig:PUT)
  Body: NEwGTx8EDwlEVlVbUAUABFkRGiwJAltdEQACBwsERBcbTF1bVh9MBx0IC1IZSl9eHQxNGABSGw8XNGlWVRFOUA0LEUkXDTAJSQVOVgJUX1wRDwsZTQsDGVEDQFoKBkYRQlNdWVEURllQWBd+CkcMUA4PCkU9CwJIVw8MVA03BB8CTU4ISVYGDQB0CxkLRRpWPG1LKFZU
[HTTP 17:29:56.867] PUT /city/monthCard/enterMatchCard (orig:PUT)
  Body: NEwGTx8EDwlEVlVbUAUABFkRGiwJAltdEQACBwsERBcbTF1bVh9MBx0IC1IZSl9eHQxNGABSGw8XNGlWVRFOUA0LEUkXDTAJSQVOVgJUX1wRDwsZTQsDGVEDQFoKBkYRQlNdWVEURllQWBd+CkcMUA4PCkU9CwJIVw8MVA03BB8CTU4ISVYGDQB0CxkLRRpWPG1LKFZU
[HTTP 17:29:58.520] PUT /race/match/matchconfig (orig:PUT)
  Body: NEwGTx8EDwlEVlVbUAUABFkRGiwJAltdEQACBwsERBcbTF1bVh9MBx0IC1IZSl9eHQxNGABSGw8XNGlWVRFOUA0LEUkXDTAJSQVOVgJUX1wRDwsZTQsDGVEDQFoKBkYRQlNdWVEURllQWBd+CkcMUA4PCkU9CwJIVw8MVA03BB8CTU4ISVYGDQB0CxkLRRpWPG1LKFZU
[API] UNHANDLED: POST /race/match/matchconfig
[HTTP 17:30:08.314] PUT /race/match/dungeon/info (orig:PUT)
  Body: NEwGTx8EDwlEVlVbUAUABFkRGiwJAltdEQACBwsERBcbTF1bVh9MBx0IC1IZSl9eHQxNGABSGw8XNGlWVRFOUA0LEUkXDTAJSQVOVgJUX1wRDwsZTQsDGVEDQFoKBkYRQlNdWVEURllQWBd+CkcMUA4PCkU9CwJIVw8MVA03BB8CTU4ISVYGDQB0CxkLRRpWPG1LKFZU
[API] UNHANDLED: POST /race/match/dungeon/info
[HTTP 17:30:12.822] PUT /race/car/getcars (orig:PUT)
  Body: NEwGTx8EDwlEVlVbUAUABFkRGiwJAltdEQACBwsERBcbTF1bVh9MBx0IC1IZSl9eHQxNGABSGw8XNGlWVRFOUA0LEUkXDTAJSQVOVgJUX1wRDwsZTQsDGVEDQFoKBkYRQlNdWVEURllQWBd+CkcMUA4PCkU9CwJIVw8MVA03BB8CTU4ISVYGDQB0CxkLRRpWPG1LKFZU
[HTTP 17:30:12.826] PUT /race/car/getstoreitems (orig:PUT)
  Body: NEwGTx8EDwlEVlVbUAcJA1IRGw05WREJThYSQ0wVTBMQCxVpEE0aVxRCRkgRCQEIXgJVFUdQHggaAU8GAgJYQVhCRVYRGgwLWTIlThpQQkZEDBhJFw0wRA0FUFFMUEJLEQQMV11DElFQDxx+CgYVEAtfUxdBWxJDQFlcERBKSU9HAAEJZURNVEdDGx0XOEEGTQxEDQsS
[HTTP 17:31:36.486] PUT /checkversion (orig:PUT)
  Body: NEwGTx8EDwlEVlVbUBQIA0FWUkdbEFBZCEhGDkNQQRRQQ1MYRFkNBFtdXA1FCVEMTkQKXwRGS1lMSwICClIRGwYARRpEREcfRRcFCVc3CxZTAAFOVlJUExlNUAMLBBcWUkBTFUZQGAkRC0E9A0caQVhCRVYRHUkUDD8sAk5FVEECBQkaRUMKOwFJFktURRVFVxEADFdd
[HTTP 17:31:38.540] PUT /api/authplayerkey (orig:PUT)
  Body: NEwGTx8EDwlEVlVbUAUNFlMDBxcJAltOTgACHwIEWRcbOh5QEU0aS1hCRlAYCRwIXmsKF0caX1haXhdCWhNURF0TSwIcDQQJRRNOVltDHghBHQhPBgVHGldQXkkYAAEaRhs6J0YaWVlJT0oqGAxDFzwKDkRWVQJHRFRURhFRXA5GWFkOHhELDVBCEFhaUBVAXRFTXFdV
[HTTP 17:42:38.876] PUT /checkversion (orig:PUT)
  Body: NEwGTx8EDwlEVlVbUBQIA0FWUkdbEFBZCEhGDkNQQRRQQ1MYRFkNBFtdXA1FCVEMTkQKXwRGS1lMSwICClIRGwYARRpEREcfRRcFCVc3CxZTAAFOVlJUExlNUAMLBBcWUkBTFUZQGAkRC0E9A0caQVhCRVYRHUkUDD8sAk5FVEECBQkaRUMKOwFJFktURRVFVxEADFdd
[HTTP 17:45:46.039] PUT /api/connect (orig:PUT)
  Body: NEwGTx8EDwlEVlVbUAUABFkRGjEUUAROVhwMTR4JQQsMHClBGQoCXEsdFwIJREcFSUELCxcCSBJMF0wVG0YNAARMXRNFREcbRRMFClkyJ0YaWEICEA0TSQcEJw8HAVFJAldYVlVGEVFcDkh2WwcSQw0NUkIWXhRFQFhXEUFdXFxEQ0BOS0ECCyxEUFNMBEkAFn8HG0xI
[HTTP 17:45:46.454] PUT /api/connect (orig:PUT)
  Body: NEwGTx8EDwlEVlVbUAUABFkRGjEUUAROVgERQ0wORQtLVEoRQFYTUVleVRlGFUlPREUOCgBSUFMVRVAYDlQEHRsDRRpHWUlPVgQeBUYYPS0CU18MVgwAVg0CFz4KDBdRGkBcX1wREg1cVE0pV1BCQFgKBBUWDRFGQllREkVdUFQRBU5ADkcOAwBpFktURUMdG1k5CBxG
[HTTP 17:45:46.681] PUT /city/impart (orig:PUT)
  Body: NEwGTx8EDwlEVlVbUBgND08GPgAfUwgDAg4aXl1JAgYAAwJTAA5NFktUVAxWARYjSVdNVFRdXksGAkEQClJASBJMF0wVHAMCUgxOVhNQQkZWDBxJEhE2aUZbQ0dMARYFSQEMOwBJEEpfTxt+VlRGF1BXBEZNWkJARAgGFRYKVFkXVFheHRVaV1REUEVMAEEZCmkCS1RG
[HTTP 17:45:46.811] PUT /city/impart (orig:PUT)
  Body: NEwGTx8EDwlEVlVbUBgND08GPgAfUwgDAg4aXl1JAgYAAwJTAA5NFktUVAxWARYjSVdNVFRdXksGAkEQClJASBJMF0wVHAMCUgxOVhNQQkZWDBxJEhE2aUZbQ0dMARYFSQEMOwBJEEpfTxt+VlRGF1BXBEZNWkJARAgGFRYKVFkXVFheHRVaV1REUEVMAEEZCmkCS1RG
[HTTP 17:45:46.895] PUT /city/connect/getplayerlist (orig:PUT)
  Body: NEwGTx8EDwlEVlVbUAUABFkRGi4IWUNWQR0SXVtRE0dbV1FdWE1IAwgKAVJWUh5PXEwOGgNPAARMXRNFQwIUFxsHAVknIUdXEU1OCEUXBwdFPApJEEpfAlFQSloIAEpKQwRQWwYSRQwGWEwtX1EXR11cVhVBVhEWV0BHRxUFACREQ1ZOT0kbFzpBAEtCRUQRGUkFDDod
[HTTP 17:45:47.010] PUT /city/connect/create (orig:PUT)
  Body: NEwGTx8EDwlEVlVbUAUABFkRGisMTQROVg5THExJAgIFDx5FBjtZFgxMXg1FREceVVM7BwhFUFNfUBhFXBdUXkseC0ENDRcmRRhOVg1QXFYVXV0VRlFTDEYCHFJfLBdRGkBZTEgCHQYRH0EaBwECSFlCRUcRAUQXB05fEQlERwVFAAgJXgJVFUdQHggaAU8GAgJcWl9I
[HTTP 17:45:47.180] PUT /city/connect/connect (orig:PUT)
  Body: NEwGTx8EDwlEVlVbUAUABFkRGjEUUAROVgERQ0wHVR4FCxNJGiZERFNDVQxWCQELTQJVTFMQQ1wKA0YVQhUDFFBDUxhEXkgPElJUQREAWgVCDQsRFQ5cEEZNUBgXFicaTQdLVEYRQ1BUXBh8VlAVUEVMFE8XBkEePAhHGlZKSU9EAAUAVXQOHQ51Ag0PE0UQLlRGS1RU
[HTTP 17:45:50.024] PUT /city/chat/getsysmsgs (orig:PUT)
  Body: NEwGTx8EDwlEVlVbUAUABFkRGiwJAltdEQACBwsERBcbTF1bVh9MBx0IC1IZSl9eHQxNGABSGw8XNGlWVRFOUA0LEUkXDTAJSQVOVgJUX1wRDwsZTQsDGVEDQFoKBkYRQlNdWVEURllQWBd+CkcMUA4PCkU9CwJIVw8MVA03BB8CTU4ISVYGDQB0CxkLRRpWPG1LKFZU
[HTTP 17:45:50.149] PUT /city/monthCard/enterMatchCard (orig:PUT)
  Body: NEwGTx8EDwlEVlVbUAUABFkRGiwJAltdEQACBwsERBcbTF1bVh9MBx0IC1IZSl9eHQxNGABSGw8XNGlWVRFOUA0LEUkXDTAJSQVOVgJUX1wRDwsZTQsDGVEDQFoKBkYRQlNdWVEURllQWBd+CkcMUA4PCkU9CwJIVw8MVA03BB8CTU4ISVYGDQB0CxkLRRpWPG1LKFZU
[HTTP 17:45:51.776] PUT /race/match/matchconfig (orig:PUT)
  Body: NEwGTx8EDwlEVlVbUAUABFkRGiwJAltdEQACBwsERBcbTF1bVh9MBx0IC1IZSl9eHQxNGABSGw8XNGlWVRFOUA0LEUkXDTAJSQVOVgJUX1wRDwsZTQsDGVEDQFoKBkYRQlNdWVEURllQWBd+CkcMUA4PCkU9CwJIVw8MVA03BB8CTU4ISVYGDQB0CxkLRRpWPG1LKFZU
[API] UNHANDLED: POST /race/match/matchconfig
[HTTP 17:46:10.663] PUT /city/airline/airlines (orig:PUT)
  Body: NEwGTx8EDwlEVlVbUBoeDEc3AREUAltdQA5JHC0XTwEaOAJSBwZPCEtUVQxWGAkMVUUdJwECSFhCRUkHPFQQFwwaMEEGPgAfUwgDAgJbXxkMSwZFFQwAUkZbCUkeCRIHRg0bA0YaR1lJT1gqHAxGCzonRRpFQwIWEBoMQxE9AQREQ1ZOGRFXXwNFS1ANARlBDRJXDQ1R
[HTTP 17:46:17.225] PUT /city/gym/enter (orig:PUT)
  Body: NEwGTx8EDwlEVlVbUAUABFkRGiwJAltdEQACBwsERBcbTF1bVh9MBx0IC1IZSl9eHQxNGABSGw8XNGlWVRFOUA0LEUkXDTAJSQVOVgJUX1wRDwsZTQsDGVEDQFoKBkYRQlNdWVEURllQWBd+CkcMUA4PCkU9CwJIVw8MVA03BB8CTU4ISVYGDQB0CxkLRRpWPG1LKFZU
[HTTP 17:46:42.524] PUT /city/marital/register (orig:PUT)
  Body: NEwGTx8EDwlEVlVbUAUABFkRGiwJAltdEQACBwsERBcbTF1bVh9MBx0IC1IZSl9eHQxNGABSGw8XNGlWVRFOUA0LEUkXDTAJSQVOVgJUX1wRDwsZTQsDGVEDQFoKBkYRQlNdWVEURllQWBd+CkcMUA4PCkU9CwJIVw8MVA03BB8CTU4ISVYGDQB0CxkLRRpWPG1LKFZU
[HTTP 17:46:45.498] PUT /city/marital/candidates (orig:PUT)
  Body: NEwGTx8EDwlEVlVbUAcDEnMACRcZAltcQA5SABkmTwcHGkUaQ0MCAQwAAEUGSl9cAAIfAgRZFxsnAwJOXl1OUAELBkQRGkdXW0McAEEVCAtSBEwaR1lJAhIEAAIIHCA6AlhYQkZEER4MDksaCgxEUFNMUhFMXkYXTFUGRk1dB18RBQ9ZTkJeWlIVRltfUhVNXkRERUwD
