============================================
  Waker Local Server - وكر الاوغاد
============================================
[HTTP] Game API server running on port 8080
       URL: http://192.168.1.3:8080/
[CITY] keepLiveServer (HTTP) on port 9090
[STAT] Analytics server running on port 8992
============================================
Ready! Configure your device to point to this server.
 * Serving Flask app 'server'
 * Debug mode: off
 * Serving Flask app 'stat_server'
 * Debug mode: off
 * Serving Flask app 'server'
 * Debug mode: off
[HTTP 18:11:46.473] PUT /checkversion (orig:PUT)
  Body: NEwGTx8EDwlEVlVbUBQIA0FWUkdbEFBZCEhGDkNQQRRQQ1MYRFkNBFtdXA1FCVEMTkQKXwRGS1lMSwICClIRGwYARRpEREcfRRcFCVc3CxZTAAFOVlJUExlNUAMLBBcWUkBTFUZQGAkRC0E9A0caQVhCRVYRHUkUDD8sAk5FVEECBQkaRUMKOwFJFktURRVFVxEADFdd
[HTTP 18:11:55.699] PUT /api/connect (orig:PUT)
  Body: NEwGTx8EDwlEVlVbUAUABFkRGjEUUAROVhwMTR4JQQsMHClBGQoCXEsdRl1YSg0ITUQKHEcaCUseC0EACU8QH0tUVBFYShMIUggKFXMoTF4RRUxEER4MQwE0FgIKR0lRFVNRXwJFTVEGCxd6DFcRFgpbBUJFWxdHQV5UFUFRVAkCTU4LTU0KJwECSEsNDlQNMEEUS0JG
[HTTP 18:11:56.096] PUT /api/connect (orig:PUT)
  Body: NEwGTx8EDwlEVlVbUAUABFkRGjEUUAROVgERQ0wORQtLVEoRQFYUUFhYURdCFUlPREUOCgBSUFMVRVAYDlQEHRsDRRpHWUlPVgQeBUYYPS0CU18MVgwAVg0CFz4KDBdRGkBcX1wREg1cVE0pV1BCQFgKBBUWDRFGQllREkVdUFQRBU5ADkcOAwBpFktURUMdG1k5CBxG
[HTTP 18:11:56.301] PUT /city/impart (orig:PUT)
  Body: NEwGTx8EDwlEVlVbUBgND08GPgAfUwgDAg4aXl1JAgYAAwJTAA5NFktUVAxWARYjSVdNVFRdXksGAkEQClJASBJMF0wVHAMCUgxOVhNQQkZWDBxJEhE2aUZbQ0dMARYFSQEMOwBJEEpfTxt+VlRGF1BXBEZNWkJARAgGFRYKVFkXVFheHRVaV1REUEVMAEEZCmkCS1RG
[HTTP 18:11:56.433] PUT /city/impart (orig:PUT)
  Body: NEwGTx8EDwlEVlVbUBgND08GPgAfUwgDAg4aXl1JAgYAAwJTAA5NFktUVAxWARYjSVdNVFRdXksGAkEQClJASBJMF0wVHAMCUgxOVhNQQkZWDBxJEhE2aUZbQ0dMARYFSQEMOwBJEEpfTxt+VlRGF1BXBEZNWkJARAgGFRYKVFkXVFheHRVaV1REUEVMAEEZCmkCS1RG
[HTTP 18:11:56.507] PUT /city/connect/getplayerlist (orig:PUT)
  Body: NEwGTx8EDwlEVlVbUAUABFkRGi4IWUNWQR0VX15VFkRdXVVdWE1IAwgKAVJWUh5PXEwOGgNPAARMXRNFQwIUFxsHAVknIUdXEU1OCEUXBwdFPApJEEpfAlFQSloIAEpKQwRQWwYSRQwGWEwtX1EXR11cVhVBVhEWV0BHRxUFACREQ1ZOT0kbFzpBAEtCRUQRGUkFDDod
[HTTP 18:11:56.595] PUT /city/connect/create (orig:PUT)
  Body: NEwGTx8EDwlEVlVbUAUABFkRGisMTQROVg5TTUJHUB4IFwJSIBZQA0tUSRFYShYUX3QGAwACSFhZXxFGXxBOUBkCBlkRGi4IWUNWQRFUXlQQX1gUR1pJAgcPS1onAVFJAlJLQkZJGhwXAnsmCkcaQkVMAEUaC0UAV1ZUXVhKDQhBBQkeDhoUTBVMEx0ICFIZTRpVWEJG
[HTTP 18:11:56.764] PUT /city/connect/connect (orig:PUT)
  Body: NEwGTx8EDwlEVlVbUAUABFkRGjEUUAROVgERQ0wHVR4FCxNJGiZERFNDVQxWCQELTQJVTFMQQ1wKA0YVQhUDFFBDUxhEXkgPElJUQREAWgVCDQsRFQ5cEEZNUBgXFicaTQdLVEYRQ1BUXBh6WlcUUEVMFE8XBkEePAhHGlZKSU9EAAUAVXQOHQ51Ag0PE0UQLlRGS1RU
[HTTP 18:11:59.518] PUT /city/chat/getsysmsgs (orig:PUT)
  Body: NEwGTx8EDwlEVlVbUAUABFkRGiwJAltdEQACBwsERBcbTF1bVh9MBx0IC1IZSl9eHQxNGABSGw8XNGlWVRFOUA0LEUkXDTAJSQVOVgJUX1wRDwsZTQsDGVEDQFoKBkYRQlNdWVEURllQWBd+CkcMUA4PCkU9CwJIVw8MVA03BB8CTU4ISVYGDQB0CxkLRRpWPG1LKFZU
[HTTP 18:11:59.658] PUT /city/monthCard/enterMatchCard (orig:PUT)
  Body: NEwGTx8EDwlEVlVbUAUABFkRGiwJAltdEQACBwsERBcbTF1bVh9MBx0IC1IZSl9eHQxNGABSGw8XNGlWVRFOUA0LEUkXDTAJSQVOVgJUX1wRDwsZTQsDGVEDQFoKBkYRQlNdWVEURllQWBd+CkcMUA4PCkU9CwJIVw8MVA03BB8CTU4ISVYGDQB0CxkLRRpWPG1LKFZU
[HTTP 18:12:01.181] PUT /race/match/matchconfig (orig:PUT)
  Body: NEwGTx8EDwlEVlVbUAUABFkRGiwJAltdEQACBwsERBcbTF1bVh9MBx0IC1IZSl9eHQxNGABSGw8XNGlWVRFOUA0LEUkXDTAJSQVOVgJUX1wRDwsZTQsDGVEDQFoKBkYRQlNdWVEURllQWBd+CkcMUA4PCkU9CwJIVw8MVA03BB8CTU4ISVYGDQB0CxkLRRpWPG1LKFZU
[API] UNHANDLED: POST /race/match/matchconfig
[HTTP 18:12:11.750] PUT /city/gang/randomgangs (orig:PUT)
  Body: NEwGTx8EDwlEVlVbUAEVFUVWUlRBAhMDG39UDhwRAkhZQkVSGxhuEwRMXhQJREcFSUELCxcCSBJMF0wVG0YNAARMXRNFREcbRRMFClkyJ0YaWEICEA0TSQcEJw8HAVFJAldYVlVGEVFcDkh2WwcSQw0NUkIWXhRFQFhXEUFdXFxEQ0BOS0ECCyxEUFNMBEkAFn8HG0xI
[HTTP 18:12:14.584] PUT /city/gym/enter (orig:PUT)
  Body: NEwGTx8EDwlEVlVbUAUABFkRGiwJAltdEQACBwsERBcbTF1bVh9MBx0IC1IZSl9eHQxNGABSGw8XNGlWVRFOUA0LEUkXDTAJSQVOVgJUX1wRDwsZTQsDGVEDQFoKBkYRQlNdWVEURllQWBd+CkcMUA4PCkU9CwJIVw8MVA03BB8CTU4ISVYGDQB0CxkLRRpWPG1LKFZU
[HTTP 18:12:19.724] PUT /city/hospital/patients (orig:PUT)
  Body: NEwGTx8EDwlEVlVbUBYFEVk9DEdXEU1OHkNXPBoEUgZLVFcMVh1PEScbCQJOX0lPXEwOFwBSOw1MXREJQwIKFwgKAlJWUh5PUA0NGEYOHAkCU10RWEoTRRYIFBI9LFFJEU5LCgFWHQsAOEomCkcaUFxfXxESChlLFgpcFRZaVAlDVA4OHRRYW1ESQ1xbXhEQTQxEDg8J
[HTTP 18:12:22.076] PUT /city/bank/checkbalance (orig:PUT)
  Body: NEwGTx8EDwlEVlVbUAUABFkRGiwJAltdEQACBwsERBcbTF1bVh9MBx0IC1IZSl9eHQxNGABSGw8XNGlWVRFOUA0LEUkXDTAJSQVOVgJUX1wRDwsZTQsDGVEDQFoKBkYRQlNdWVEURllQWBd+CkcMUA4PCkU9CwJIVw8MVA03BB8CTU4ISVYGDQB0CxkLRRpWPG1LKFZU
[HTTP 18:12:30.617] PUT /city/jail/prisonerlist (orig:PUT)
  Body: NEwGTx8EDwlEVlVbUBYFEVk9DEdXEU1OHkNXPBoEUgZLVFcMVh1PEScbCQJOXklPXEwOFwBSOw1MXREJQwIKFwgKAlJWUh5PUA0NGEYOHAkCU10RWEoTRRYIFBI9LFFJEU5LCgFWHQsAOEomCkcaUFxfXxESChlLFgpcFRZaVAlDVA4OHRRYW1ESQ1xbXhEQTQxEDg8J
[HTTP 18:13:00.909] PUT /city/heartbeat (orig:PUT)
  Body: NEwGTx8EDwlEVlVbUBcZCUwRHAwDaQVOVhwMTRoMTRcaGgZNBE0aVkVMFEwVEQAfZURNVFQMUAQLFFMVCEUrFktUV11YSg0IQQUJHgJbFUZQBQ9UEgcXTUZbQVpCRwUWUgsPFzdpVlJUQQwrCxNJEQw7A0kQTRpQQF1dERINXFRDB1VZThJeCgYVEAtfUxdBWxJXXFtd
[HTTP 18:13:01.176] PUT /city/school/applyclass (orig:PUT)
  Body: NEwGTx8EDwlEVlVbUBYABFMHKwQZRQYDHlUCVV9QEEJFTARMFRxTLw1MXhFCWFVBDlADDxxFACAKRRpFEgxAGgwPA0UGSl8WAhEADVQHARZNS1QTRURHVgETGw0XNjpRGlNFTABFAgEGCHsrBwECSEtbVhhFCUVLTA8DGUEKV1xEAlkOThFbWVAUQFhbUhlFCwJKSwkF
[HTTP 18:13:01.329] PUT /city/school/getmyclasses (orig:PUT)
  Body: NEwGTx8EDwlEVlVbUAUABFkRGiwJAltdEQACBwsERBcbTF1bVh9MBx0IC1IZSl9eHQxNGABSGw8XNGlWVRFOUA0LEUkXDTAJSQVOVgJUX1wRDwsZTQsDGVEDQFoKBkYRQlNdWVEURllQWBd+CkcMUA4PCkU9CwJIVw8MVA03BB8CTU4ISVYGDQB0CxkLRRpWPG1LKFZU
[HTTP 18:13:09.169] PUT /city/school/applyclass (orig:PUT)
  Body: NEwGTx8EDwlEVlVbUBYABFMHKwQZRQYDHlUCVV9QEENFTARMFRxTLw1MXhFCWFRBDlADDxxFACAKRRpFEgxAGgwPA0UGSl8WAhEADVQHARZNS1QTRURHVgETGw0XNjpRGlNFTABFAgEGCHsrBwECSEtbVhhFCUVLTA8DGUEKV1xEAlkOThFbWVAUQFhbUhlFCwJKSwkF
[HTTP 18:13:09.351] PUT /city/school/getmyclasses (orig:PUT)
  Body: NEwGTx8EDwlEVlVbUAUABFkRGiwJAltdEQACBwsERBcbTF1bVh9MBx0IC1IZSl9eHQxNGABSGw8XNGlWVRFOUA0LEUkXDTAJSQVOVgJUX1wRDwsZTQsDGVEDQFoKBkYRQlNdWVEURllQWBd+CkcMUA4PCkU9CwJIVw8MVA03BB8CTU4ISVYGDQB0CxkLRRpWPG1LKFZU
[HTTP 18:13:16.137] PUT /city/school/applyclass (orig:PUT)
  Body: NEwGTx8EDwlEVlVbUBYABFMHKwQZRQYDHlUCVV9QEEZFTARMFRxTLw1MXhFCWFFBDlADDxxFACAKRRpFEgxAGgwPA0UGSl8WAhEADVQHARZNS1QTRURHVgETGw0XNjpRGlNFTABFAgEGCHsrBwECSEtbVhhFCUVLTA8DGUEKV1xEAlkOThFbWVAUQFhbUhlFCwJKSwkF
[HTTP 18:13:16.353] PUT /city/school/getmyclasses (orig:PUT)
  Body: NEwGTx8EDwlEVlVbUAUABFkRGiwJAltdEQACBwsERBcbTF1bVh9MBx0IC1IZSl9eHQxNGABSGw8XNGlWVRFOUA0LEUkXDTAJSQVOVgJUX1wRDwsZTQsDGVEDQFoKBkYRQlNdWVEURllQWBd+CkcMUA4PCkU9CwJIVw8MVA03BB8CTU4ISVYGDQB0CxkLRRpWPG1LKFZU
[HTTP 18:13:23.865] PUT /city/goods/getcitygoods (orig:PUT)
  Body: NEwGTx8EDwlEVlVbUBYFEVk9DEdXEU1OHEBBFgsXaRZLVFZdWE1IAwgKAVJWUh5PXEwOGgNPAARMXRNFQwIUFxsHAVknIUdXEU1OCEUXBwdFPApJEEpfAlFQSloIAEpKQwRQWwYSRQwGWEwtX1EXR11cVhVBVhEWV0BHRxUFACREQ1ZOT0kbFzpBAEtCRUQRGUkFDDod
[HTTP 18:13:39.739] PUT /city/estate/listestates (orig:PUT)
  Body: NEwGTx8EDwlEVlVbUAYcClUHDSwJAltcQA5QAw8cRQAgCkUaRRIMRAELBUQRGkdXVwIfAgRUFAYcCgJOXBFOUB8LFUkSETYkAltdQAIFCxJJCgt1EAEBAl5DR1pWVBUWGVsKCF0VFlpUCU16DAcRRl5bUxJFWhVLRAhHDFYPBABFKAhOFgIMBxFZLQgcRQxWC0UQAA0B
