============================================
  Waker Local Server - وكر الاوغاد
============================================
[HTTP] Game API server running on port 8080
       URL: http://192.168.1.3:8080/
[CITY] keepLiveServer (HTTP) on port 9090
[STAT] Analytics server running on port 8992
============================================
Ready! Configure your device to point to this server.
 * Serving Flask app 'stat_server'
 * Debug mode: off
 * Serving Flask app 'server'
 * Debug mode: off
 * Serving Flask app 'server'
 * Debug mode: off
[HTTP 14:01:18.578] PUT /checkversion (orig:PUT)
  Body: NEwGTx8EDwlEVlVbUBQIA0FWUkdbEFBZCEhGDkNQQRRQQ1MYRFkNBFtdXA1FCVEMTkQKXwRGS1lMSwICClIRGwYARRpEREcfRRcFCVc3CxZTAAFOVlJUExlNUAMLBBcWUkBTFUZQGAkRC0E9A0caQVhCRVYRHUkUDD8sAk5FVEECBQkaRUMKOwFJFktURRVFVxEADFdd
[HTTP 14:02:17.232] GET /policy.html
[API] UNHANDLED: GET /policy.html
[HTTP 14:02:17.718] GET /favicon.ico
[API] UNHANDLED: GET /favicon.ico
[HTTP 14:07:32.792] GET /policy.html
[API] UNHANDLED: GET /policy.html
[HTTP 14:07:33.125] GET /favicon.ico
[API] UNHANDLED: GET /favicon.ico
[HTTP 14:08:36.973] PUT /api/connect (orig:PUT)
  Body: NEwGTx8EDwlEVlVbUAUABFkRGjEUUAROVhwMTR4JQQsMHClBGQoCXEsWHAIJREcFSUELCxcCSBJMF0wVG0YNAARMXRNFREcbRRMFClkyJ0YaWEICEA0TSQcEJw8HAVFJAldYVlVGEVFcDkh2WwcSQw0NUkIWXhRFQFhXEUFdXFxEQ0BOS0ECCyxEUFNMBEkAFn8HG0xI
[HTTP 14:08:37.290] PUT /api/connect (orig:PUT)
  Body: NEwGTx8EDwlEVlVbUAUABFkRGjEUUAROVgERQ0wORQtLVEoRQVYZVVhbVhlCFUlPREUOCgBSUFMVRVAYDlQEHRsDRRpHWUlPVgQeBUYYPS0CU18MVgwAVg0CFz4KDBdRGkBcX1wREg1cVE0pV1BCQFgKBBUWDRFGQllREkVdUFQRBU5ADkcOAwBpFktURUMdG1k5CBxG
[HTTP 14:08:37.498] PUT /city/impart (orig:PUT)
  Body: NEwGTx8EDwlEVlVbUBgND08GPgAfUwgDAg4aXl1JAgYAAwJTAA5NFktUVAxWARYjSVdNVFRdXksGAkEQClJASBJMF0wVHAMCUgxOVhNQQkZWDBxJEhE2aUZbQ0dMARYFSQEMOwBJEEpfTxt+VlRGF1BXBEZNWkJARAgGFRYKVFkXVFheHRVaV1REUEVMAEEZCmkCS1RG
[HTTP 14:08:37.626] PUT /city/impart (orig:PUT)
  Body: NEwGTx8EDwlEVlVbUBgND08GPgAfUwgDAg4aXl1JAgYAAwJTAA5NFktUVAxWARYjSVdNVFRdXksGAkEQClJASBJMF0wVHAMCUgxOVhNQQkZWDBxJEhE2aUZbQ0dMARYFSQEMOwBJEEpfTxt+VlRGF1BXBEZNWkJARAgGFRYKVFkXVFheHRVaV1REUEVMAEEZCmkCS1RG
[HTTP 14:08:37.706] PUT /city/connect/getplayerlist (orig:PUT)
  Body: NEwGTx8EDwlEVlVbUAUABFkRGi4IWUNWQR0RXlhRF0BaW1VdWE1IAwgKAVJWUh5PXEwOGgNPAARMXRNFQwIUFxsHAVknIUdXEU1OCEUXBwdFPApJEEpfAlFQSloIAEpKQwRQWwYSRQwGWEwtX1EXR11cVhVBVhEWV0BHRxUFACREQ1ZOT0kbFzpBAEtCRUQRGUkFDDod
[HTTP 14:08:37.795] PUT /city/connect/create (orig:PUT)
  Body: NEwGTx8EDwlEVlVbUAUABFkRGisMTQROVg5YF0xJAgIFDx5FBjtZFgxMXg1FREceVVM7BwhFUFNfUBhFWRFWXkseC0ENDRcmRRhOVg1QX1UWXVkSR11XDEYCHFJfLBdRGkBZTEgCHQYRH0EaBwECSFlCRUcRAUQXB05fEQlERwVFAAgJXgJVFUdQHggaAU8GAgJcWl9I
[HTTP 14:08:37.983] PUT /city/connect/connect (orig:PUT)
  Body: NEwGTx8EDwlEVlVbUAUABFkRGjEUUAROVgERQ0wHVR4FCxNJGiZERFNDVQxWCQELTQJVTFMQQ1wKA0YVQhUDFFBDUxhEXkgPElJUQREAWgVCDQsRFQ5cEEZNUBgXFicaTQdLVEYRQ1BUXBt3XVAWUEVMFE8XBkEePAhHGlZKSU9EAAUAVXQOHQ51Ag0PE0UQLlRGS1RU
[HTTP 14:08:41.280] PUT /city/chat/getsysmsgs (orig:PUT)
  Body: NEwGTx8EDwlEVlVbUAUABFkRGiwJAltdEQACBwsERBcbTF1bVh9MBx0IC1IZSl9eHQxNGABSGw8XNGlWVRFOUA0LEUkXDTAJSQVOVgJUX1wRDwsZTQsDGVEDQFoKBkYRQlNdWVEURllQWBd+CkcMUA4PCkU9CwJIVw8MVA03BB8CTU4ISVYGDQB0CxkLRRpWPG1LKFZU
[HTTP 14:08:41.397] PUT /city/monthCard/enterMatchCard (orig:PUT)
  Body: NEwGTx8EDwlEVlVbUAUABFkRGiwJAltdEQACBwsERBcbTF1bVh9MBx0IC1IZSl9eHQxNGABSGw8XNGlWVRFOUA0LEUkXDTAJSQVOVgJUX1wRDwsZTQsDGVEDQFoKBkYRQlNdWVEURllQWBd+CkcMUA4PCkU9CwJIVw8MVA03BB8CTU4ISVYGDQB0CxkLRRpWPG1LKFZU
[HTTP 14:08:43.036] PUT /race/match/matchconfig (orig:PUT)
  Body: NEwGTx8EDwlEVlVbUAUABFkRGiwJAltdEQACBwsERBcbTF1bVh9MBx0IC1IZSl9eHQxNGABSGw8XNGlWVRFOUA0LEUkXDTAJSQVOVgJUX1wRDwsZTQsDGVEDQFoKBkYRQlNdWVEURllQWBd+CkcMUA4PCkU9CwJIVw8MVA03BB8CTU4ISVYGDQB0CxkLRRpWPG1LKFZU
[API] UNHANDLED: POST /race/match/matchconfig
[HTTP 14:08:50.534] PUT /city/airline/airlines (orig:PUT)
  Body: NEwGTx8EDwlEVlVbUBoeDEc3AREUAltdQA5JHC0XTwEaOAJSBwZPCEtUVQxWGAkMVUUdJwECSFhCRUkHPFQQFwwaMEEGPgAfUwgDAgJbXxkMSwZFFQwAUkZbCUkeCRIHRg0bA0YaR1lJT1gqHAxGCzonRRpFQwIWEBoMQxE9AQREQ1ZOGRFXXwNFS1ANARlBDRJXDQ1R
[HTTP 14:08:53.334] PUT /city/gym/enter (orig:PUT)
  Body: NEwGTx8EDwlEVlVbUAUABFkRGiwJAltdEQACBwsERBcbTF1bVh9MBx0IC1IZSl9eHQxNGABSGw8XNGlWVRFOUA0LEUkXDTAJSQVOVgJUX1wRDwsZTQsDGVEDQFoKBkYRQlNdWVEURllQWBd+CkcMUA4PCkU9CwJIVw8MVA03BB8CTU4ISVYGDQB0CxkLRRpWPG1LKFZU
[HTTP 14:09:02.979] PUT /city/gang/randomgangs (orig:PUT)
  Body: NEwGTx8EDwlEVlVbUAEVFUVWUlRBAhMDG39UDhwRAkhZQkVSGxhuEwRMXhQJREcFSUELCxcCSBJMF0wVG0YNAARMXRNFREcbRRMFClkyJ0YaWEICEA0TSQcEJw8HAVFJAldYVlVGEVFcDkh2WwcSQw0NUkIWXhRFQFhXEUFdXFxEQ0BOS0ECCyxEUFNMBEkAFn8HG0xI
[HTTP 14:09:07.496] PUT /city/hospital/patients (orig:PUT)
  Body: NEwGTx8EDwlEVlVbUBYFEVk9DEdXEU1OHkNXPBoEUgZLVFcMVh1PEScbCQJOX0lPXEwOFwBSOw1MXREJQwIKFwgKAlJWUh5PUA0NGEYOHAkCU10RWEoTRRYIFBI9LFFJEU5LCgFWHQsAOEomCkcaUFxfXxESChlLFgpcFRZaVAlDVA4OHRRYW1ESQ1xbXhEQTQxEDg8J
[HTTP 14:09:10.292] PUT /city/jail/prisonerlist (orig:PUT)
  Body: NEwGTx8EDwlEVlVbUBYFEVk9DEdXEU1OHkNXPBoEUgZLVFcMVh1PEScbCQJOXklPXEwOFwBSOw1MXREJQwIKFwgKAlJWUh5PUA0NGEYOHAkCU10RWEoTRRYIFBI9LFFJEU5LCgFWHQsAOEomCkcaUFxfXxESChlLFgpcFRZaVAlDVA4OHRRYW1ESQ1xbXhEQTQxEDg8J
