============================================
  Waker Local Server - وكر الاوغاد
============================================
[HTTP] Game API server running on port 8080
       URL: http://192.168.1.3:8080/
[CITY] keepLiveServer (HTTP) on port 9090
[STAT] Analytics server running on port 8992
============================================
Ready! Configure your device to point to this server.
 * Serving Flask app 'server'
 * Debug mode: off
 * Serving Flask app 'server'
 * Debug mode: off
 * Serving Flask app 'stat_server'
 * Debug mode: off
[HTTP 13:06:15.942] PUT /checkversion (orig:PUT)
  Body: NEwGTx8EDwlEVlVbUBQIA0FWUkdbEFBZCEhGDkNQQRRQQ1MYRFkNBFtdXA1FCVEMTkQKXwRGS1lMSwICClIRGwYARRpEREcfRRcFCVc3CxZTAAFOVlJUExlNUAMLBBcWUkBTFUZQGAkRC0E9A0caQVhCRVYRHUkUDD8sAk5FVEECBQkaRUMKOwFJFktURRVFVxEADFdd
[HTTP 13:09:19.606] PUT /api/auth (orig:PUT)
  Body: NEwGTx8EDwlEVlVbUAUNFlMDBxcJAltOAQJOAkBJAl5LHgtBDQpSMhAeAQJOWUlPXEwOFwBSPAgDAgJOTUsPSVJMGgxWAAAMRAQeThoaTBRMCBpGGxoIAl5SQ0dMExYBSQQQPS0CTllJT0oqGAxDFzwKDkRWVQJHRFRURhFRXA5GWFkOHhELDVBCEFhaUBVAXRFTXFdV
[API] UNHANDLED: POST /api/auth
[HTTP 13:09:19.957] PUT /api/connect (orig:PUT)
  Body: NEwGTx8EDwlEVlVbUAUABFkRGjEUUAROVgERQ0wORQtLVEoRCUMCDgwPAEUGSl8WDlADDxFGHRsDRRpHXgxABAwcDkYNOyxPGlBATkQEGA1DDDtEHQxHGkZUQ1NfAxZKGQEPV1FCRlkBDhstDFQURVxaVRFBWhlDEU5JAhMJCAhpBU5WDkMGGhx/ExtMSwIQClYPCgsw
[HTTP 13:09:20.169] PUT /city/impart (orig:PUT)
  Body: NEwGTx8EDwlEVlVbUBgND08GPgAfUwgDAg4aXl1JAgYAAwJTAA5NFktUVAxWARYjSVdNVFRdXksGAkEQClJASBJMF0wVHAMCUgxOVhNQQkZWDBxJEhE2aUZbQ0dMARYFSQEMOwBJEEpfTxt+VlRGF1BXBEZNWkJARAgGFRYKVFkXVFheHRVaV1REUEVMAEEZCmkCS1RG
[HTTP 13:09:20.305] PUT /city/impart (orig:PUT)
  Body: NEwGTx8EDwlEVlVbUBgND08GPgAfUwgDAg4aXl1JAgYAAwJTAA5NFktUVAxWARYjSVdNVFRdXksGAkEQClJASBJMF0wVHAMCUgxOVhNQQkZWDBxJEhE2aUZbQ0dMARYFSQEMOwBJEEpfTxt+VlRGF1BXBEZNWkJARAgGFRYKVFkXVFheHRVaV1REUEVMAEEZCmkCS1RG
[HTTP 13:09:20.380] PUT /city/connect/getplayerlist (orig:PUT)
  Body: NEwGTx8EDwlEVlVbUAUABFkRGi4IWUNWQR0RXlhWEUtbWFNdWE1IAwgKAVJWUh5PXEwOGgNPAARMXRNFQwIUFxsHAVknIUdXEU1OCEUXBwdFPApJEEpfAlFQSloIAEpKQwRQWwYSRQwGWEwtX1EXR11cVhVBVhEWV0BHRxUFACREQ1ZOT0kbFzpBAEtCRUQRGUkFDDod
[HTTP 13:09:30.391] PUT /city/connect/create (orig:PUT)
  Body: NEwGTx8EDwlEVlVbUAUABFkRGisMTQROVg5JBkxJAgIFDx5FBjtZFgxMXg1FREceVVM7BwhFUFNfUBhFXBZUXkseC0ENDRcmRRhOVg1QX1UWWl8ZRl5RDEYCHFJfLBdRGkBZTEgCHQYRH0EaBwECSFlCRUcRAUQXB05fEQlERwVFAAgJXgJVFUdQHggaAU8GAgJcWl9I
[HTTP 13:09:30.553] PUT /city/connect/connect (orig:PUT)
  Body: NEwGTx8EDwlEVlVbUAUABFkRGjEUUAROVgERQ0wHVR4FCxNJGiZERFNDVQxWCQELTQJVTFMQQ1wKA0YVQhUDFFBDUxhEXkgPElJUQREAWgVCDQsRFQ5cEEZNUBgXFicaTQdLVEYRQ1BUXBt7VlUZUEVMFE8XBkEePAhHGlZKSU9EAAUAVXQOHQ51Ag0PE0UQLlRGS1RU
[HTTP 13:09:33.209] PUT /city/chat/getsysmsgs (orig:PUT)
  Body: NEwGTx8EDwlEVlVbUAUABFkRGiwJAltdEQACBwsERBcbTF1bVh9MBx0IC1IZSl9eHQxNGABSGw8XNGlWVRFOUA0LEUkXDTAJSQVOVgJUX1wRDwsZTQsDGVEDQFoKBkYRQlNdWVEURllQWBd+CkcMUA4PCkU9CwJIVw8MVA03BB8CTU4ISVYGDQB0CxkLRRpWPG1LKFZU
[HTTP 13:09:33.318] PUT /city/monthCard/enterMatchCard (orig:PUT)
  Body: NEwGTx8EDwlEVlVbUAUABFkRGiwJAltdEQACBwsERBcbTF1bVh9MBx0IC1IZSl9eHQxNGABSGw8XNGlWVRFOUA0LEUkXDTAJSQVOVgJUX1wRDwsZTQsDGVEDQFoKBkYRQlNdWVEURllQWBd+CkcMUA4PCkU9CwJIVw8MVA03BB8CTU4ISVYGDQB0CxkLRRpWPG1LKFZU
[HTTP 13:09:34.936] PUT /race/match/matchconfig (orig:PUT)
  Body: NEwGTx8EDwlEVlVbUAUABFkRGiwJAltdEQACBwsERBcbTF1bVh9MBx0IC1IZSl9eHQxNGABSGw8XNGlWVRFOUA0LEUkXDTAJSQVOVgJUX1wRDwsZTQsDGVEDQFoKBkYRQlNdWVEURllQWBd+CkcMUA4PCkU9CwJIVw8MVA03BB8CTU4ISVYGDQB0CxkLRRpWPG1LKFZU
[API] UNHANDLED: POST /race/match/matchconfig
[HTTP 13:09:43.845] PUT /race/car/getcars (orig:PUT)
  Body: NEwGTx8EDwlEVlVbUAUABFkRGiwJAltdEQACBwsERBcbTF1bVh9MBx0IC1IZSl9eHQxNGABSGw8XNGlWVRFOUA0LEUkXDTAJSQVOVgJUX1wRDwsZTQsDGVEDQFoKBkYRQlNdWVEURllQWBd+CkcMUA4PCkU9CwJIVw8MVA03BB8CTU4ISVYGDQB0CxkLRRpWPG1LKFZU
[API] UNHANDLED: POST /race/car/getcars
[HTTP 13:09:43.867] PUT /race/car/getstoreitems (orig:PUT)
  Body: NEwGTx8EDwlEVlVbUAcJA1IRGw05WREJThYSQ0wVTBMQCxVpEE0aVxRCRkgRCQEIXgJVFUdQHggaAU8GAgJYQVhCRVYRGgwLWTIlThpQQkZEDBhJFw0wRA0FUFFMUEJLEQQMV11DElFQDxx+CgYVEAtfUxdBWxJDQFlcERBKSU9HAAEJZURNVEdDGx0XOEEGTQxEDQsS
[API] UNHANDLED: POST /race/car/getstoreitems
[HTTP 13:09:44.933] PUT /race/car/getstoreitems (orig:PUT)
  Body: NEwGTx8EDwlEVlVbUAcJA1IRGw05WREJThYSQ0wVTBMQCxVpEE0aVxRCRkgRCQEIXgJVFUdQHggaAU8GAgJYQVhCRVYRGgwLWTIlThpQQkZEDBhJFw0wRA0FUFFMUEJLEQQMV11DElFQDxx+CgYVEAtfUxdBWxJDQFlcERBKSU9HAAEJZURNVEdDGx0XOEEGTQxEDQsS
[API] UNHANDLED: POST /race/car/getstoreitems
[HTTP 13:09:45.964] PUT /race/car/getstoreitems (orig:PUT)
  Body: NEwGTx8EDwlEVlVbUAcJA1IRGw05WREJThYSQ0wVTBMQCxVpEE0aVxRCRkgRCQEIXgJVFUdQHggaAU8GAgJYQVhCRVYRGgwLWTIlThpQQkZEDBhJFw0wRA0FUFFMUEJLEQQMV11DElFQDxx+CgYVEAtfUxdBWxJDQFlcERBKSU9HAAEJZURNVEdDGx0XOEEGTQxEDQsS
[API] UNHANDLED: POST /race/car/getstoreitems
[HTTP 13:09:53.056] PUT /city/goods/playerbags (orig:PUT)
  Body: NEwGTx8EDwlEVlVbUBYFEVk9DEdXEU1OHEBBFgsXaRZLVFZdWE1IAwgKAVJWUh5PXEwOGgNPAARMXRNFQwIUFxsHAVknIUdXEU1OCEUXBwdFPApJEEpfAlFQSloIAEpKQwRQWwYSRQwGWEwtX1EXR11cVhVBVhEWV0BHRxUFACREQ1ZOT0kbFzpBAEtCRUQRGUkFDDod
[HTTP 13:09:56.662] PUT /city/news/frontpage (orig:PUT)
  Body: NEwGTx8EDwlEVlVbUAUABFkRGiwJAltdEQACBwsERBcbTF1bVh9MBx0IC1IZSl9eHQxNGABSGw8XNGlWVRFOUA0LEUkXDTAJSQVOVgJUX1wRDwsZTQsDGVEDQFoKBkYRQlNdWVEURllQWBd+CkcMUA4PCkU9CwJIVw8MVA03BB8CTU4ISVYGDQB0CxkLRRpWPG1LKFZU
[HTTP 13:09:59.846] PUT /city/chat/getmsg (orig:PUT)
  Body: NEwGTx8EDwlEVlVbUAYZB2kQSl9dDEMLDUJHJgpHGkJFTBNZBAoCXFxCRkwVGxEgX0cmCkcaX1hCRVAYDlkHACAKRRpFFUlPSAQNCEUTTF5bSx5MFRwDTxYMUFFdVF9RVgcbBwJZJyFHVx9jTAFFBAANAnUQBkRQT05QEUxZAwgZWA8KFRUNXFREEVwMBRFAWBVSW19R
[HTTP 13:10:15.013] PUT /city/airline/airlines (orig:PUT)
  Body: NEwGTx8EDwlEVlVbUBoeDEc3AREUAltdQA5JHC0XTwEaOAJSBwZPCEtUVQxWGAkMVUUdJwECSFhCRUkHPFQQFwwaMEEGPgAfUwgDAgJbXxkMSwZFFQwAUkZbCUkeCRIHRg0bA0YaR1lJT1gqHAxGCzonRRpFQwIWEBoMQxE9AQREQ1ZOGRFXXwNFS1ANARlBDRJXDQ1R
